[2m11:25:27 am[22m [31m[1m[vite][22m[39m [31mhttp proxy error: /api/bootstrap[39m
AggregateError [ECONNREFUSED]: 
    at internalConnectMultiple (node:net:1142:49)
    at afterConnectMultiple (node:net:1723:7)
[2m11:26:28 am[22m [31m[1m[vite][22m[39m [31mhttp proxy error: /api/bootstrap[39m
AggregateError [ECONNREFUSED]: 
    at internalConnectMultiple (node:net:1142:49)
    at afterConnectMultiple (node:net:1723:7)
[2m11:27:16 am[22m [31m[1m[vite][22m[39m [31mhttp proxy error: /api/bootstrap[39m
AggregateError [ECONNREFUSED]: 
    at internalConnectMultiple (node:net:1142:49)
    at afterConnectMultiple (node:net:1723:7)
[2m11:44:40 am[22m [31m[1m[vite][22m[39m [31mhttp proxy error: /api/bootstrap[39m
AggregateError [ECONNREFUSED]: 
    at internalConnectMultiple (node:net:1142:49)
    at afterConnectMultiple (node:net:1723:7)
[2m11:44:42 am[22m [31m[1m[vite][22m[39m [31mhttp proxy error: /api/bootstrap[39m
AggregateError [ECONNREFUSED]: 
    at internalConnectMultiple (node:net:1142:49)
    at afterConnectMultiple (node:net:1723:7)
[2m11:51:59 am[22m [31m[1m[vite][22m[39m [31mhttp proxy error: /api/bootstrap[39m
AggregateError [ECONNREFUSED]: 
    at internalConnectMultiple (node:net:1142:49)
    at afterConnectMultiple (node:net:1723:7)
[2m11:52:00 am[22m [31m[1m[vite][22m[39m [31mhttp proxy error: /api/bootstrap[39m
AggregateError [ECONNREFUSED]: 
    at internalConnectMultiple (node:net:1142:49)
    at afterConnectMultiple (node:net:1723:7)
[2m11:52:10 am[22m [31m[1m[vite][22m[39m [31mhttp proxy error: /api/bootstrap[39m
AggregateError [ECONNREFUSED]: 
    at internalConnectMultiple (node:net:1142:49)
    at afterConnectMultiple (node:net:1723:7)
[2m11:52:17 am[22m [31m[1m[vite][22m[39m [31mhttp proxy error: /api/bootstrap[39m
AggregateError [ECONNREFUSED]: 
    at internalConnectMultiple (node:net:1142:49)
    at afterConnectMultiple (node:net:1723:7)
[2m12:00:20 pm[22m [31m[1m[vite][22m[39m [31mhttp proxy error: /api/bootstrap[39m
AggregateError [ECONNREFUSED]: 
    at internalConnectMultiple (node:net:1142:49)
    at afterConnectMultiple (node:net:1723:7)
[2m12:10:41 pm[22m [31m[1m[vite][22m[39m [31mhttp proxy error: /api/bootstrap[39m
AggregateError [ECONNREFUSED]: 
    at internalConnectMultiple (node:net:1142:49)
    at afterConnectMultiple (node:net:1723:7)
[2m12:10:42 pm[22m [31m[1m[vite][22m[39m [31mhttp proxy error: /api/bootstrap[39m
AggregateError [ECONNREFUSED]: 
    at internalConnectMultiple (node:net:1142:49)
    at afterConnectMultiple (node:net:1723:7)
[2m12:10:48 pm[22m [31m[1m[vite][22m[39m [31mhttp proxy error: /api/bootstrap[39m
AggregateError [ECONNREFUSED]: 
    at internalConnectMultiple (node:net:1142:49)
    at afterConnectMultiple (node:net:1723:7)
[2m12:10:51 pm[22m [31m[1m[vite][22m[39m [31mhttp proxy error: /api/bootstrap[39m
AggregateError [ECONNREFUSED]: 
    at internalConnectMultiple (node:net:1142:49)
    at afterConnectMultiple (node:net:1723:7)
[2m12:10:54 pm[22m [31m[1m[vite][22m[39m [31mhttp proxy error: /api/bootstrap[39m
AggregateError [ECONNREFUSED]: 
    at internalConnectMultiple (node:net:1142:49)
    at afterConnectMultiple (node:net:1723:7)
[2m12:19:27 pm[22m [31m[1m[vite][22m[39m [31mhttp proxy error: /api/bootstrap[39m
AggregateError [ECONNREFUSED]: 
    at internalConnectMultiple (node:net:1142:49)
    at afterConnectMultiple (node:net:1723:7)
[2m12:21:26 pm[22m [31m[1m[vite][22m[39m [31mhttp proxy error: /api/bootstrap[39m
AggregateError [ECONNREFUSED]: 
    at internalConnectMultiple (node:net:1142:49)
    at afterConnectMultiple (node:net:1723:7)
[2m12:21:30 pm[22m [31m[1m[vite][22m[39m [31mhttp proxy error: /api/bootstrap[39m
AggregateError [ECONNREFUSED]: 
    at internalConnectMultiple (node:net:1142:49)
    at afterConnectMultiple (node:net:1723:7)
[2m12:23:35 pm[22m [31m[1m[vite][22m[39m [31mhttp proxy error: /api/bootstrap[39m
AggregateError [ECONNREFUSED]: 
    at internalConnectMultiple (node:net:1142:49)
    at afterConnectMultiple (node:net:1723:7)
[2m12:23:37 pm[22m [31m[1m[vite][22m[39m [31mhttp proxy error: /api/bootstrap[39m
AggregateError [ECONNREFUSED]: 
    at internalConnectMultiple (node:net:1142:49)
    at afterConnectMultiple (node:net:1723:7)
[2m12:23:41 pm[22m [31m[1m[vite][22m[39m [31mhttp proxy error: /api/bootstrap[39m
AggregateError [ECONNREFUSED]: 
    at internalConnectMultiple (node:net:1142:49)
    at afterConnectMultiple (node:net:1723:7)
[2m12:25:24 pm[22m [31m[1m[vite][22m[39m [31mhttp proxy error: /api/bootstrap[39m
AggregateError [ECONNREFUSED]: 
    at internalConnectMultiple (node:net:1142:49)
    at afterConnectMultiple (node:net:1723:7)
